Line 64: Class SHDocVwCtl.WebBrowser of control WebBrowser1 was not a loaded control class.
Line 70: The property name ExtentX in WebBrowser1 is invalid.
Line 71: The property name ExtentY in WebBrowser1 is invalid.
Line 72: The property name ViewMode in WebBrowser1 is invalid.
Line 73: The property name Offline in WebBrowser1 is invalid.
Line 74: The property name Silent in WebBrowser1 is invalid.
Line 75: The property name RegisterAsBrowser in WebBrowser1 is invalid.
Line 76: The property name RegisterAsDropTarget in WebBrowser1 is invalid.
Line 77: The property name AutoArrange in WebBrowser1 is invalid.
Line 78: The property name NoClientEdge in WebBrowser1 is invalid.
Line 79: The property name AlignLeft in WebBrowser1 is invalid.
Line 80: The property name NoWebView in WebBrowser1 is invalid.
Line 81: The property name HideFileNames in WebBrowser1 is invalid.
Line 82: The property name SingleClick in WebBrowser1 is invalid.
Line 83: The property name SingleSelection in WebBrowser1 is invalid.
Line 84: The property name NoFolders in WebBrowser1 is invalid.
Line 85: The property name Transparent in WebBrowser1 is invalid.
Line 86: The property name ViewID in WebBrowser1 is invalid.
Line 87: The property name Location in WebBrowser1 is invalid.
Line 70: The property name ExtentX in WebBrowser1 is invalid.
Line 71: The property name ExtentY in WebBrowser1 is invalid.
Line 72: The property name ViewMode in WebBrowser1 is invalid.
Line 73: The property name Offline in WebBrowser1 is invalid.
Line 74: The property name Silent in WebBrowser1 is invalid.
Line 75: The property name RegisterAsBrowser in WebBrowser1 is invalid.
Line 76: The property name RegisterAsDropTarget in WebBrowser1 is invalid.
Line 77: The property name AutoArrange in WebBrowser1 is invalid.
Line 78: The property name NoClientEdge in WebBrowser1 is invalid.
Line 79: The property name AlignLeft in WebBrowser1 is invalid.
Line 80: The property name NoWebView in WebBrowser1 is invalid.
Line 81: The property name HideFileNames in WebBrowser1 is invalid.
Line 82: The property name SingleClick in WebBrowser1 is invalid.
Line 83: The property name SingleSelection in WebBrowser1 is invalid.
Line 84: The property name NoFolders in WebBrowser1 is invalid.
Line 85: The property name Transparent in WebBrowser1 is invalid.
Line 86: The property name ViewID in WebBrowser1 is invalid.
Line 87: The property name Location in WebBrowser1 is invalid.
